<?xml version="1.0" encoding="UTF-8"?>
<Site BuildName="Win32-MSBuild"
	BuildStamp="20241003-1528-Experimental"
	Name="DESKTOP-FQ7F1CR"
	Generator="ctest-3.30.3"
	CompilerName="C:/Program Files/Microsoft Visual Studio/2022/Community/VC/Tools/MSVC/14.41.34120/bin/Hostx64/x64/cl.exe"
	CompilerVersion="19.41.34120.0"
	OSName="Windows"
	Hostname="DESKTOP-FQ7F1CR"
	OSRelease=" Professional"
	OSVersion=" (Build 22631)"
	OSPlatform="AMD64"
	Is64Bits="1"
	VendorString="GenuineIntel"
	VendorID="Intel Corporation"
	FamilyID="6"
	ModelID="14"
	ProcessorCacheSize="-1"
	NumberOfLogicalCPU="12"
	NumberOfPhysicalCPU="6"
	TotalVirtualMemory="19424"
	TotalPhysicalMemory="16224"
	LogicalProcessorsPerPhysical="2"
	ProcessorClockFrequency="2208"
	>
	<Testing>
		<StartDateTime>Oct 03 17:28 Paris, Madrid (heure d[NON-UTF-8-BYTE-0x92][NON-UTF-8-BYTE-0xE9]t[NON-UTF-8-BYTE-0xE9])</StartDateTime>
		<StartTestTime>1727969331</StartTestTime>
		<TestList/>
		<EndDateTime>Oct 03 17:28 Paris, Madrid (heure d[NON-UTF-8-BYTE-0x92][NON-UTF-8-BYTE-0xE9]t[NON-UTF-8-BYTE-0xE9])</EndDateTime>
		<EndTestTime>1727969331</EndTestTime>
		<ElapsedMinutes>0</ElapsedMinutes>
	</Testing>
</Site>
